Arguments: 
  C:\Program Files\nodejs\node.exe C:\Users\0205701\AppData\Roaming\npm\node_modules\yarn\bin\yarn.js add styled-components

PATH: 
  C:\Program Files\PowerShell\7;C:\Users\0205701\Documents\Source\pizza-web\node_modules\.bin;C:\Users\0205701\Documents\Source\node_modules\.bin;C:\Users\0205701\Documents\node_modules\.bin;C:\Users\0205701\node_modules\.bin;C:\Users\node_modules\.bin;C:\node_modules\.bin;C:\Program Files\nodejs\node_modules\npm\node_modules\@npmcli\run-script\lib\node-gyp-bin;C:\Program Files\PowerShell\7;C:\Program Files (x86)\Microsoft SDKs\Azure\CLI2\wbin;C:\WINDOWS\system32;C:\WINDOWS;C:\WINDOWS\System32\Wbem;C:\WINDOWS\System32\WindowsPowerShell\v1.0\;C:\WINDOWS\System32\OpenSSH\;C:\Program Files (x86)\NVIDIA Corporation\PhysX\Common;C:\Program Files\Git\cmd;C:\Program Files\PuTTY\;C:\Program Files (x86)\Microsoft SQL Server\150\DTS\Binn\;C:\Program Files\Azure Data Studio\bin;C:\Program Files\Microsoft SQL Server\150\Tools\Binn\;C:\Program Files\Microsoft SQL Server\Client SDK\ODBC\170\Tools\Binn\;C:\Program Files\dotnet\;C:\Program Files\nodejs\;C:\Program Files\PowerShell\7\;C:\ProgramData\chocolatey\bin;C:\Users\0205701\AppData\Local\Microsoft\WindowsApps;C:\Users\0205701\AppData\Local\Programs\Microsoft VS Code\bin;C:\Users\0205701\AppData\Local\GitHubDesktop\bin;C:\Program Files\Azure Data Studio\bin;C:\Users\0205701\.dotnet\tools;C:\Users\0205701\AppData\Roaming\npm

Yarn version: 
  1.22.19

Node version: 
  16.17.0

Platform: 
  win32 x64

Trace: 
  Error: https://registry.yarnpkg.com/@babel/helper-remap-async-to-generator/-/helper-remap-async-to-generator-7.18.9.tgz: Request failed "503 Service Unavailable"
      at ResponseError.ExtendableBuiltin (C:\Users\0205701\AppData\Roaming\npm\node_modules\yarn\lib\cli.js:696:66)
      at new ResponseError (C:\Users\0205701\AppData\Roaming\npm\node_modules\yarn\lib\cli.js:802:124)
      at Request.<anonymous> (C:\Users\0205701\AppData\Roaming\npm\node_modules\yarn\lib\cli.js:66215:16)
      at Request.emit (node:events:513:28)
      at Request.module.exports.Request.onRequestResponse (C:\Users\0205701\AppData\Roaming\npm\node_modules\yarn\lib\cli.js:141767:10)
      at ClientRequest.emit (node:events:513:28)
      at HTTPParser.parserOnIncomingClient [as onIncoming] (node:_http_client:674:27)
      at HTTPParser.parserOnHeadersComplete (node:_http_common:128:17)
      at HTTPParser.execute (<anonymous>)
      at TLSSocket.socketOnData (node:_http_client:521:22)

npm manifest: 
  {
    "name": "pizza-web",
    "version": "0.1.0",
    "private": true,
    "dependencies": {
      "@testing-library/jest-dom": "^5.16.5",
      "@testing-library/react": "^13.4.0",
      "@testing-library/user-event": "^13.5.0",
      "react": "^18.2.0",
      "react-dom": "^18.2.0",
      "react-scripts": "5.0.1",
      "web-vitals": "^2.1.4"
    },
    "scripts": {
      "start": "react-scripts start",
      "build": "react-scripts build",
      "test": "react-scripts test",
      "eject": "react-scripts eject"
    },
    "eslintConfig": {
      "extends": [
        "react-app",
        "react-app/jest"
      ]
    },
    "browserslist": {
      "production": [
        ">0.2%",
        "not dead",
        "not op_mini all"
      ],
      "development": [
        "last 1 chrome version",
        "last 1 firefox version",
        "last 1 safari version"
      ]
    }
  }

yarn manifest: 
  No manifest

Lockfile: 
  No lockfile
